2022-09-05 18:55:50 INFO  UserService:53 - Checking if user admin exists
2022-09-05 18:55:52 INFO  UserController:31 - Get -> /login
2022-09-05 18:55:55 INFO  MyUserDetailsService:26 - Trying to log admin in
2022-09-05 18:55:55 INFO  UserService:43 - Getting user by username admin
2022-09-05 18:55:55 INFO  HomeController:13 - Get -> /home
2022-09-05 18:55:56 INFO  HallController:35 - Get -> /addHall
2022-09-05 18:55:59 INFO  HallController:42 - Post -> /addHall
2022-09-05 18:55:59 INFO  HallService:48 - Checking if hall Hall1 exists
2022-09-05 18:55:59 ERROR HallController:52 - Error while adding new hall
2022-09-05 18:56:02 INFO  ExhibitionController:118 - Get -> /getStats
2022-09-05 18:56:02 INFO  ExhibitionService:96 - Getting exhibitions' stats on page
2022-09-05 18:56:03 INFO  ExhibitionController:118 - Get -> /getStats
2022-09-05 18:56:03 INFO  ExhibitionService:96 - Getting exhibitions' stats on page
2022-09-05 18:56:04 INFO  ExhibitionController:118 - Get -> /getStats
2022-09-05 18:56:04 INFO  ExhibitionService:96 - Getting exhibitions' stats on page
2022-09-05 18:56:05 INFO  HallController:35 - Get -> /addHall
2022-09-05 18:56:05 INFO  ExhibitionController:118 - Get -> /getStats
2022-09-05 18:56:05 INFO  ExhibitionService:96 - Getting exhibitions' stats on page
2022-09-05 18:56:06 INFO  ExhibitionController:126 - Get -> /getStats{Exh1}
2022-09-05 18:56:06 INFO  ExhibitionService:134 - Getting the exhibition Exh1 exists
2022-09-05 18:56:06 INFO  ExhibitionService:112 - Getting detailed stats for exhibition + 63
2022-09-05 18:56:06 INFO  UserService:48 - Getting all users
2022-09-05 18:56:06 INFO  ExhibitionService:52 - Getting exhibition with id 63
2022-09-05 18:56:07 INFO  HallController:35 - Get -> /addHall
2022-09-05 18:56:07 INFO  ExhibitionController:45 - Get -> /addExhibition
2022-09-05 18:56:07 INFO  HallService:32 - Getting all halls
2022-09-05 18:56:07 INFO  HomeController:13 - Get -> /home
2022-09-05 18:56:10 INFO  UserController:31 - Get -> /login
2022-09-05 18:56:50 INFO  UserController:31 - Get -> /login
2022-09-12 23:39:22 INFO  UserService:53 - Checking if user admin exists
2022-09-12 23:39:22 INFO  CommandLineAppStartupRunner:26 - Registering admin
2022-09-12 23:39:22 INFO  UserService:58 - Creating and saving admin
2022-09-12 23:39:22 INFO  UserService:35 - Saving new user com.my.exhibitions.entities.User@6408a8ac
2022-09-12 23:49:30 INFO  UserService:53 - Checking if user admin exists
2022-09-12 23:49:30 INFO  CommandLineAppStartupRunner:26 - Registering admin
2022-09-12 23:49:30 INFO  UserService:58 - Creating and saving admin
2022-09-12 23:49:31 INFO  UserService:43 - Getting user by username username
2022-09-12 23:50:13 INFO  UserService:53 - Checking if user admin exists
2022-09-12 23:50:13 INFO  CommandLineAppStartupRunner:26 - Registering admin
2022-09-12 23:50:13 INFO  UserService:58 - Creating and saving admin
2022-09-12 23:50:13 INFO  UserService:43 - Getting user by username sasha
2022-09-12 23:51:04 INFO  UserService:53 - Checking if user admin exists
2022-09-12 23:51:04 INFO  CommandLineAppStartupRunner:26 - Registering admin
2022-09-12 23:51:04 INFO  UserService:58 - Creating and saving admin
2022-09-12 23:51:05 INFO  UserService:43 - Getting user by username sasha
2022-09-12 23:51:35 INFO  UserService:53 - Checking if user admin exists
2022-09-12 23:51:35 INFO  CommandLineAppStartupRunner:26 - Registering admin
2022-09-12 23:51:35 INFO  UserService:58 - Creating and saving admin
2022-09-12 23:51:35 INFO  UserService:43 - Getting user by username sasha
2022-09-12 23:52:16 INFO  UserService:53 - Checking if user admin exists
2022-09-12 23:52:16 INFO  CommandLineAppStartupRunner:26 - Registering admin
2022-09-12 23:52:16 INFO  UserService:58 - Creating and saving admin
2022-09-12 23:52:17 INFO  UserService:43 - Getting user by username sasha
2022-09-12 23:54:34 INFO  UserService:53 - Checking if user admin exists
2022-09-12 23:54:34 INFO  CommandLineAppStartupRunner:26 - Registering admin
2022-09-12 23:54:34 INFO  UserService:58 - Creating and saving admin
2022-09-12 23:54:34 INFO  UserService:43 - Getting user by username sasha
2022-09-13 00:00:07 INFO  UserService:53 - Checking if user admin exists
2022-09-13 00:00:07 INFO  CommandLineAppStartupRunner:26 - Registering admin
2022-09-13 00:00:07 INFO  UserService:58 - Creating and saving admin
2022-09-13 00:00:08 INFO  UserService:48 - Getting all users
2022-09-13 00:01:12 INFO  UserService:53 - Checking if user admin exists
2022-09-13 00:01:12 INFO  CommandLineAppStartupRunner:26 - Registering admin
2022-09-13 00:01:12 INFO  UserService:58 - Creating and saving admin
2022-09-13 00:01:12 INFO  UserService:48 - Getting all users
2022-09-13 00:04:02 INFO  UserService:53 - Checking if user admin exists
2022-09-13 00:04:02 INFO  CommandLineAppStartupRunner:26 - Registering admin
2022-09-13 00:04:02 INFO  UserService:58 - Creating and saving admin
2022-09-13 00:04:02 INFO  UserService:53 - Checking if user sasha exists
2022-09-13 00:05:31 INFO  UserService:53 - Checking if user admin exists
2022-09-13 00:05:31 INFO  CommandLineAppStartupRunner:26 - Registering admin
2022-09-13 00:05:31 INFO  UserService:58 - Creating and saving admin
2022-09-13 00:05:38 INFO  UserService:53 - Checking if user sasha exists
2022-09-13 00:06:20 INFO  UserService:53 - Checking if user admin exists
2022-09-13 00:06:20 INFO  CommandLineAppStartupRunner:26 - Registering admin
2022-09-13 00:06:20 INFO  UserService:58 - Creating and saving admin
2022-09-13 00:06:20 INFO  UserService:53 - Checking if user sasha exists
2022-09-13 00:09:57 INFO  UserService:53 - Checking if user admin exists
2022-09-13 00:09:57 INFO  CommandLineAppStartupRunner:26 - Registering admin
2022-09-13 00:09:57 INFO  UserService:58 - Creating and saving admin
2022-09-13 00:09:57 INFO  UserService:58 - Creating and saving admin
2022-09-13 00:12:58 INFO  UserService:53 - Checking if user admin exists
2022-09-13 00:13:17 INFO  UserService:53 - Checking if user admin exists
2022-09-13 00:13:17 INFO  CommandLineAppStartupRunner:26 - Registering admin
2022-09-13 00:13:17 INFO  UserService:58 - Creating and saving admin
2022-09-13 00:13:18 INFO  UserService:48 - Getting all users
2022-09-13 00:13:18 INFO  UserService:35 - Saving new user com.my.exhibitions.entities.User@1cb7f2fe
2022-09-13 00:13:18 INFO  UserService:48 - Getting all users
2022-09-13 00:13:18 INFO  UserService:58 - Creating and saving admin
2022-09-13 00:13:18 INFO  UserService:43 - Getting user by username sasha
2022-09-13 00:13:18 INFO  UserService:53 - Checking if user sasha exists
2022-09-13 00:13:18 INFO  UserService:43 - Getting user by username sasha
2022-09-13 00:13:18 INFO  UserService:30 - Updating user sasha
2022-09-13 00:13:50 INFO  UserService:53 - Checking if user admin exists
2022-09-13 00:13:50 INFO  CommandLineAppStartupRunner:26 - Registering admin
2022-09-13 00:13:50 INFO  UserService:58 - Creating and saving admin
2022-09-13 00:13:50 INFO  UserService:48 - Getting all users
2022-09-13 00:13:50 INFO  UserService:35 - Saving new user com.my.exhibitions.entities.User@58dea0a7
2022-09-13 00:13:50 INFO  UserService:48 - Getting all users
2022-09-13 00:13:50 INFO  UserService:58 - Creating and saving admin
2022-09-13 00:13:51 INFO  UserService:43 - Getting user by username sasha
2022-09-13 00:13:51 INFO  UserService:53 - Checking if user sasha exists
2022-09-13 00:13:51 INFO  UserService:43 - Getting user by username sasha
2022-09-13 00:13:51 INFO  UserService:30 - Updating user sasha
2022-09-13 00:15:19 INFO  UserService:53 - Checking if user admin exists
2022-09-13 00:15:23 INFO  UserService:53 - Checking if user admin exists
2022-09-13 00:15:23 INFO  CommandLineAppStartupRunner:26 - Registering admin
2022-09-13 00:15:23 INFO  UserService:58 - Creating and saving admin
2022-09-13 00:15:23 INFO  UserService:48 - Getting all users
2022-09-13 00:15:23 INFO  UserService:35 - Saving new user com.my.exhibitions.entities.User@62284954
2022-09-13 00:15:23 INFO  UserService:48 - Getting all users
2022-09-13 00:15:23 INFO  UserService:58 - Creating and saving admin
2022-09-13 00:15:24 INFO  UserService:43 - Getting user by username sasha
2022-09-13 00:15:24 INFO  UserService:53 - Checking if user sasha exists
2022-09-13 00:15:24 INFO  UserService:43 - Getting user by username sasha
2022-09-13 00:15:24 INFO  UserService:30 - Updating user sasha
2022-09-13 00:28:42 INFO  UserService:53 - Checking if user admin exists
2022-09-13 00:28:42 INFO  HallService:27 - Saving hall com.my.exhibitions.entities.Hall@2fb24ad8
2022-09-13 00:30:47 INFO  UserService:53 - Checking if user admin exists
2022-09-13 00:30:48 INFO  HallService:37 - Getting hall by id 10000
2022-09-13 00:30:48 INFO  HallService:37 - Getting hall by id 10000
2022-09-13 00:30:48 INFO  HallService:27 - Saving hall com.my.exhibitions.entities.Hall@75a5a912
2022-09-13 00:30:48 INFO  HallService:37 - Getting hall by id 10000
2022-09-13 00:30:48 INFO  HallService:37 - Getting hall by id 10000
2022-09-13 00:32:56 INFO  UserService:53 - Checking if user admin exists
2022-09-13 00:32:57 INFO  HallService:37 - Getting hall by id 10000
2022-09-13 00:32:57 INFO  HallService:37 - Getting hall by id 10000
2022-09-13 00:32:57 INFO  HallService:32 - Getting all halls
2022-09-13 00:32:57 INFO  HallService:27 - Saving hall com.my.exhibitions.entities.Hall@623c9988
2022-09-13 00:32:57 INFO  HallService:32 - Getting all halls
2022-09-13 00:32:57 INFO  HallService:37 - Getting hall by id 10000
2022-09-13 00:32:57 INFO  HallService:37 - Getting hall by id 10000
2022-09-13 00:35:07 INFO  UserService:53 - Checking if user admin exists
2022-09-13 00:35:07 INFO  HallService:48 - Checking if hall hallN exists
2022-09-13 00:35:23 INFO  UserService:53 - Checking if user admin exists
2022-09-13 00:35:23 INFO  HallService:48 - Checking if hall hallN exists
2022-09-13 00:38:29 INFO  UserService:53 - Checking if user admin exists
2022-09-13 00:38:29 INFO  HallService:42 - Getting halls on page at number: 1
2022-09-13 00:39:20 INFO  UserService:53 - Checking if user admin exists
2022-09-13 00:39:20 INFO  HallService:37 - Getting hall by id 10000
2022-09-13 00:39:21 INFO  HallService:37 - Getting hall by id 10000
2022-09-13 00:39:21 INFO  HallService:32 - Getting all halls
2022-09-13 00:39:21 INFO  HallService:27 - Saving hall com.my.exhibitions.entities.Hall@345f4e0d
2022-09-13 00:39:21 INFO  HallService:32 - Getting all halls
2022-09-13 00:39:21 INFO  HallService:42 - Getting halls on page at number: 1
2022-09-13 00:39:21 INFO  HallService:37 - Getting hall by id 10000
2022-09-13 00:39:21 INFO  HallService:37 - Getting hall by id 10000
2022-09-13 00:39:21 INFO  HallService:48 - Checking if hall hallN exists
2022-09-13 00:39:23 INFO  UserService:53 - Checking if user admin exists
2022-09-13 00:39:25 INFO  UserService:53 - Checking if user admin exists
2022-09-13 00:39:25 INFO  CommandLineAppStartupRunner:26 - Registering admin
2022-09-13 00:39:25 INFO  UserService:58 - Creating and saving admin
2022-09-13 00:39:25 INFO  UserService:48 - Getting all users
2022-09-13 00:39:25 INFO  UserService:35 - Saving new user com.my.exhibitions.entities.User@2640f5ea
2022-09-13 00:39:25 INFO  UserService:48 - Getting all users
2022-09-13 00:39:25 INFO  UserService:58 - Creating and saving admin
2022-09-13 00:39:26 INFO  UserService:43 - Getting user by username sasha
2022-09-13 00:39:26 INFO  UserService:53 - Checking if user sasha exists
2022-09-13 00:39:26 INFO  UserService:43 - Getting user by username sasha
2022-09-13 00:39:26 INFO  UserService:30 - Updating user sasha
2022-09-13 01:29:22 INFO  UserService:53 - Checking if user admin exists
2022-09-13 01:29:26 INFO  UserController:31 - Get -> /login
2022-09-13 01:29:26 INFO  UserController:31 - Get -> /login
2022-09-13 01:29:26 INFO  UserController:31 - Get -> /login
2022-09-13 01:29:28 INFO  MyUserDetailsService:26 - Trying to log admin in
2022-09-13 01:29:28 INFO  UserService:43 - Getting user by username admin
2022-09-13 01:29:29 INFO  HomeController:13 - Get -> /home
2022-09-13 01:29:29 INFO  ExhibitionController:80 - Get -> /getExhibition
2022-09-13 01:29:29 INFO  ExhibitionService:63 - Getting exhibitions on page with number 0
2022-09-13 01:29:29 INFO  UserService:43 - Getting user by username admin
2022-09-13 01:29:29 INFO  ExhibitionService:107 - Getting number of tickets by admin for Exh1
2022-09-13 01:29:29 INFO  ExhibitionService:107 - Getting number of tickets by admin for Exh3
2022-09-13 01:29:29 INFO  ExhibitionService:107 - Getting number of tickets by admin for Exh4
2022-09-13 01:29:29 INFO  ExhibitionService:107 - Getting number of tickets by admin for Exh5
2022-09-13 01:29:29 INFO  ExhibitionService:107 - Getting number of tickets by admin for Exh6
2022-09-13 01:29:32 INFO  HomeController:13 - Get -> /home
2022-09-13 01:29:33 INFO  ExhibitionController:80 - Get -> /getExhibition
2022-09-13 01:29:33 INFO  ExhibitionService:57 - Getting exhibitions on page with number 0, sorted by theme
2022-09-13 01:29:33 INFO  UserService:43 - Getting user by username admin
2022-09-13 01:29:33 INFO  ExhibitionService:107 - Getting number of tickets by admin for Exh1
2022-09-13 01:29:33 INFO  ExhibitionService:107 - Getting number of tickets by admin for Exh3
2022-09-13 01:29:33 INFO  ExhibitionService:107 - Getting number of tickets by admin for Exh4
2022-09-13 01:29:33 INFO  ExhibitionService:107 - Getting number of tickets by admin for Exh5
2022-09-13 01:29:33 INFO  ExhibitionService:107 - Getting number of tickets by admin for Exh6
2022-09-13 01:29:34 INFO  HomeController:13 - Get -> /home
2022-09-13 01:29:36 INFO  HallController:61 - Get -> /getHalls
2022-09-13 01:29:36 INFO  HallService:42 - Getting halls on page at number: 0
2022-09-13 01:29:37 INFO  ExhibitionController:45 - Get -> /addExhibition
2022-09-13 01:29:37 INFO  HallService:32 - Getting all halls
2022-09-13 01:29:38 INFO  HallController:35 - Get -> /addHall
2022-09-13 01:29:38 INFO  ExhibitionController:118 - Get -> /getStats
2022-09-13 01:29:38 INFO  ExhibitionService:96 - Getting exhibitions' stats on page
2022-09-13 01:29:40 INFO  ExhibitionController:118 - Get -> /getStats
2022-09-13 01:29:40 INFO  ExhibitionService:96 - Getting exhibitions' stats on page
2022-09-13 01:29:41 INFO  ExhibitionController:118 - Get -> /getStats
2022-09-13 01:29:41 INFO  ExhibitionService:96 - Getting exhibitions' stats on page
2022-09-13 01:29:42 INFO  ExhibitionController:118 - Get -> /getStats
2022-09-13 01:29:42 INFO  ExhibitionService:96 - Getting exhibitions' stats on page
2022-09-13 01:29:42 INFO  ExhibitionController:118 - Get -> /getStats
2022-09-13 01:29:42 INFO  ExhibitionService:96 - Getting exhibitions' stats on page
2022-09-13 01:29:43 INFO  ExhibitionController:118 - Get -> /getStats
2022-09-13 01:29:43 INFO  ExhibitionService:96 - Getting exhibitions' stats on page
2022-09-13 01:29:43 INFO  ExhibitionController:118 - Get -> /getStats
2022-09-13 01:29:43 INFO  ExhibitionService:96 - Getting exhibitions' stats on page
2022-09-13 01:29:44 INFO  ExhibitionController:118 - Get -> /getStats
2022-09-13 01:29:44 INFO  ExhibitionService:96 - Getting exhibitions' stats on page
2022-09-13 01:29:45 INFO  ExhibitionController:126 - Get -> /getStats{Exh1}
2022-09-13 01:29:45 INFO  ExhibitionService:134 - Getting the exhibition Exh1 exists
2022-09-13 01:29:45 INFO  ExhibitionService:112 - Getting detailed stats for exhibition 63
2022-09-13 01:29:45 INFO  UserService:48 - Getting all users
2022-09-13 01:29:45 INFO  ExhibitionService:52 - Getting exhibition with id 63
2022-09-13 01:29:46 INFO  ExhibitionController:118 - Get -> /getStats
2022-09-13 01:29:46 INFO  ExhibitionService:96 - Getting exhibitions' stats on page
2022-09-13 01:29:47 INFO  ExhibitionController:126 - Get -> /getStats{Exh4}
2022-09-13 01:29:47 INFO  ExhibitionService:134 - Getting the exhibition Exh4 exists
2022-09-13 01:29:47 INFO  ExhibitionService:112 - Getting detailed stats for exhibition 66
2022-09-13 01:29:47 INFO  UserService:48 - Getting all users
2022-09-13 01:29:47 INFO  ExhibitionService:52 - Getting exhibition with id 66
2022-09-13 01:29:48 INFO  ExhibitionController:118 - Get -> /getStats
2022-09-13 01:29:48 INFO  ExhibitionService:96 - Getting exhibitions' stats on page
2022-09-13 01:29:50 INFO  UserController:43 - Get -> /registration
2022-09-13 01:29:51 INFO  HomeController:13 - Get -> /home
2022-09-13 01:29:52 INFO  ExhibitionController:45 - Get -> /addExhibition
2022-09-13 01:29:52 INFO  HallService:32 - Getting all halls
2022-09-13 01:29:52 INFO  HomeController:13 - Get -> /home
2022-09-13 01:29:53 INFO  HallController:35 - Get -> /addHall
2022-09-13 01:29:54 INFO  ExhibitionController:45 - Get -> /addExhibition
2022-09-13 01:29:54 INFO  HallService:32 - Getting all halls
2022-09-13 01:29:54 INFO  UserController:43 - Get -> /registration
2022-09-13 01:29:55 INFO  HallController:35 - Get -> /addHall
2022-09-13 01:29:55 INFO  ExhibitionController:118 - Get -> /getStats
2022-09-13 01:29:55 INFO  ExhibitionService:96 - Getting exhibitions' stats on page
2022-09-13 01:29:55 INFO  ExhibitionController:45 - Get -> /addExhibition
2022-09-13 01:29:55 INFO  HallService:32 - Getting all halls
2022-09-13 01:29:56 INFO  HomeController:13 - Get -> /home
2022-09-13 01:29:58 INFO  UserController:31 - Get -> /login
2022-09-13 01:30:04 INFO  MyUserDetailsService:26 - Trying to log sadie in
2022-09-13 01:30:04 INFO  UserService:43 - Getting user by username sadie
2022-09-13 01:30:04 INFO  UserController:31 - Get -> /login
2022-09-13 01:30:07 INFO  MyUserDetailsService:26 - Trying to log sadie in
2022-09-13 01:30:07 INFO  UserService:43 - Getting user by username sadie
2022-09-13 01:30:07 INFO  HomeController:13 - Get -> /home
2022-09-13 01:30:34 INFO  HallController:61 - Get -> /getHalls
2022-09-13 01:30:34 INFO  HallService:42 - Getting halls on page at number: 0
2022-09-13 01:30:39 INFO  HallController:61 - Get -> /getHalls
2022-09-13 01:30:39 INFO  HallService:42 - Getting halls on page at number: 0
2022-09-15 17:30:24 INFO  UserService:53 - Checking if user admin exists
2022-09-15 17:30:24 INFO  UserController:31 - Get -> /login
2022-09-15 17:30:25 INFO  UserController:31 - Get -> /login
2022-09-15 17:30:28 INFO  MyUserDetailsService:26 - Trying to log admin in
2022-09-15 17:30:28 INFO  UserService:43 - Getting user by username admin
2022-09-15 17:30:28 INFO  HomeController:13 - Get -> /home
2022-09-15 17:30:31 INFO  ExhibitionController:82 - Get -> /getExhibition
2022-09-15 17:30:31 INFO  ExhibitionService:63 - Getting exhibitions on page with number 0
2022-09-15 17:30:31 INFO  UserService:43 - Getting user by username admin
2022-09-15 17:30:31 INFO  ExhibitionService:107 - Getting number of tickets by admin for Exh1
2022-09-15 17:30:31 INFO  ExhibitionService:107 - Getting number of tickets by admin for Exh3
2022-09-15 17:30:31 INFO  ExhibitionService:107 - Getting number of tickets by admin for Exh4
2022-09-15 17:30:31 INFO  ExhibitionService:107 - Getting number of tickets by admin for Exh5
2022-09-15 17:30:31 INFO  ExhibitionService:107 - Getting number of tickets by admin for Exh6
2022-09-15 17:30:40 INFO  ExhibitionController:114 - Get -> /getStats
2022-09-15 17:30:40 INFO  ExhibitionService:96 - Getting exhibitions' stats on page
2022-09-15 17:30:43 INFO  ExhibitionController:122 - Get -> /getStats{Exh1}
2022-09-15 17:30:43 INFO  ExhibitionService:134 - Getting the exhibition Exh1 exists
2022-09-15 17:30:43 INFO  ExhibitionService:112 - Getting detailed stats for exhibition 63
2022-09-15 17:30:43 INFO  UserService:48 - Getting all users
2022-09-15 17:30:43 INFO  ExhibitionService:52 - Getting exhibition with id 63
2022-09-15 17:30:45 INFO  HomeController:13 - Get -> /home
2022-09-15 17:30:45 INFO  ExhibitionController:82 - Get -> /getExhibition
2022-09-15 17:30:45 INFO  ExhibitionService:63 - Getting exhibitions on page with number 0
2022-09-15 17:30:45 INFO  UserService:43 - Getting user by username admin
2022-09-15 17:30:45 INFO  ExhibitionService:107 - Getting number of tickets by admin for Exh1
2022-09-15 17:30:45 INFO  ExhibitionService:107 - Getting number of tickets by admin for Exh3
2022-09-15 17:30:45 INFO  ExhibitionService:107 - Getting number of tickets by admin for Exh4
2022-09-15 17:30:45 INFO  ExhibitionService:107 - Getting number of tickets by admin for Exh5
2022-09-15 17:30:45 INFO  ExhibitionService:107 - Getting number of tickets by admin for Exh6
2022-09-15 17:30:46 INFO  ExhibitionController:82 - Get -> /getExhibition
2022-09-15 17:30:46 INFO  ExhibitionService:80 - Confirming ticket purchase for admin for exhibition with id 63
2022-09-15 17:30:46 INFO  UserService:43 - Getting user by username admin
2022-09-15 17:30:46 INFO  ExhibitionService:46 - Saving exhibition Exh1
2022-09-15 17:30:46 INFO  UserService:30 - Updating user admin
2022-09-15 17:30:46 INFO  ExhibitionService:63 - Getting exhibitions on page with number 0
2022-09-15 17:30:46 INFO  UserService:43 - Getting user by username admin
2022-09-15 17:30:46 INFO  ExhibitionService:107 - Getting number of tickets by admin for Exh1
2022-09-15 17:30:46 INFO  ExhibitionService:107 - Getting number of tickets by admin for Exh3
2022-09-15 17:30:46 INFO  ExhibitionService:107 - Getting number of tickets by admin for Exh4
2022-09-15 17:30:46 INFO  ExhibitionService:107 - Getting number of tickets by admin for Exh5
2022-09-15 17:30:46 INFO  ExhibitionService:107 - Getting number of tickets by admin for Exh6
2022-09-15 17:30:51 INFO  ExhibitionController:82 - Get -> /getExhibition
2022-09-15 17:30:51 INFO  ExhibitionService:80 - Confirming ticket purchase for admin for exhibition with id 68
2022-09-15 17:30:51 INFO  UserService:43 - Getting user by username admin
2022-09-15 17:30:51 INFO  ExhibitionService:46 - Saving exhibition Exh6
2022-09-15 17:30:51 INFO  UserService:30 - Updating user admin
2022-09-15 17:30:51 INFO  ExhibitionService:63 - Getting exhibitions on page with number 0
2022-09-15 17:30:51 INFO  UserService:43 - Getting user by username admin
2022-09-15 17:30:51 INFO  ExhibitionService:107 - Getting number of tickets by admin for Exh1
2022-09-15 17:30:51 INFO  ExhibitionService:107 - Getting number of tickets by admin for Exh3
2022-09-15 17:30:51 INFO  ExhibitionService:107 - Getting number of tickets by admin for Exh4
2022-09-15 17:30:51 INFO  ExhibitionService:107 - Getting number of tickets by admin for Exh5
2022-09-15 17:30:51 INFO  ExhibitionService:107 - Getting number of tickets by admin for Exh6
2022-09-15 17:30:57 INFO  ExhibitionController:82 - Get -> /getExhibition
2022-09-15 17:30:57 INFO  ExhibitionService:69 - Cancelling exhibition with id 66
2022-09-15 17:30:57 INFO  ExhibitionService:63 - Getting exhibitions on page with number 0
2022-09-15 17:30:57 INFO  UserService:43 - Getting user by username admin
2022-09-15 17:30:57 INFO  ExhibitionService:107 - Getting number of tickets by admin for Exh1
2022-09-15 17:30:57 INFO  ExhibitionService:107 - Getting number of tickets by admin for Exh3
2022-09-15 17:30:57 INFO  ExhibitionService:107 - Getting number of tickets by admin for Exh5
2022-09-15 17:30:57 INFO  ExhibitionService:107 - Getting number of tickets by admin for Exh6
2022-09-15 17:31:01 INFO  ExhibitionController:114 - Get -> /getStats
2022-09-15 17:31:01 INFO  ExhibitionService:96 - Getting exhibitions' stats on page
2022-09-15 17:31:02 INFO  HomeController:13 - Get -> /home
2022-09-15 17:35:48 INFO  UserService:53 - Checking if user admin exists
2022-09-15 17:35:51 INFO  UserService:53 - Checking if user admin exists
2022-09-15 17:36:00 INFO  UserService:53 - Checking if user admin exists
2022-09-15 17:36:00 INFO  ExhibitionService:46 - Saving exhibition themE
2022-09-15 17:40:20 INFO  UserService:53 - Checking if user admin exists
2022-09-15 17:40:20 INFO  ExhibitionService:40 - Saving exhibition themE
2022-09-15 17:47:39 INFO  UserService:53 - Checking if user admin exists
2022-09-15 17:47:40 INFO  ExhibitionService:40 - Saving exhibition themE
2022-09-15 17:48:56 INFO  UserService:53 - Checking if user admin exists
2022-09-15 17:48:56 INFO  ExhibitionService:40 - Saving exhibition themE
2022-09-15 17:50:13 INFO  UserService:53 - Checking if user admin exists
2022-09-15 17:50:13 INFO  ExhibitionService:40 - Saving exhibition themE
2022-09-15 17:50:13 INFO  HallService:37 - Getting hall by id 1
2022-09-15 17:50:13 INFO  HallService:37 - Getting hall by id 2
2022-09-15 17:50:13 INFO  ExhibitionService:46 - Saving exhibition themE
2022-09-15 17:52:15 INFO  UserService:53 - Checking if user admin exists
2022-09-15 17:52:26 INFO  UserService:53 - Checking if user admin exists
2022-09-15 17:52:26 INFO  ExhibitionService:40 - Saving exhibition themE
2022-09-15 17:52:26 INFO  HallService:37 - Getting hall by id 1
2022-09-15 17:52:27 INFO  HallService:37 - Getting hall by id 2
2022-09-15 17:52:27 INFO  ExhibitionService:46 - Saving exhibition themE
2022-09-15 17:54:46 INFO  UserService:53 - Checking if user admin exists
2022-09-15 17:54:47 INFO  ExhibitionService:52 - Getting exhibition with id 1000
2022-09-15 17:54:47 INFO  ExhibitionService:52 - Getting exhibition with id 1000
2022-09-15 17:55:11 INFO  UserService:53 - Checking if user admin exists
2022-09-15 17:55:11 INFO  ExhibitionService:52 - Getting exhibition with id 1000
2022-09-15 17:55:12 INFO  ExhibitionService:52 - Getting exhibition with id 1000
2022-09-15 17:56:53 INFO  UserService:53 - Checking if user admin exists
2022-09-15 17:56:54 INFO  ExhibitionService:52 - Getting exhibition with id 1000
2022-09-15 17:56:54 INFO  ExhibitionService:52 - Getting exhibition with id 1000
2022-09-15 17:56:54 INFO  ExhibitionService:46 - Saving exhibition themE
2022-09-15 17:56:54 INFO  ExhibitionService:52 - Getting exhibition with id 1000
2022-09-15 17:56:54 INFO  ExhibitionService:52 - Getting exhibition with id 1000
2022-09-15 17:56:54 INFO  ExhibitionService:134 - Getting the exhibition sas exists
2022-09-15 17:56:54 INFO  ExhibitionService:134 - Getting the exhibition sas exists
2022-09-15 17:56:54 INFO  ExhibitionService:40 - Saving exhibition themE
2022-09-15 17:56:54 INFO  HallService:37 - Getting hall by id 1
2022-09-15 17:56:54 INFO  HallService:37 - Getting hall by id 2
2022-09-15 17:56:54 INFO  ExhibitionService:46 - Saving exhibition themE
2022-09-15 17:56:54 INFO  ExhibitionService:134 - Getting the exhibition sas exists
2022-09-15 17:56:54 INFO  ExhibitionService:134 - Getting the exhibition sas exists
2022-09-15 17:58:24 INFO  UserService:53 - Checking if user admin exists
2022-09-15 17:58:25 INFO  ExhibitionService:129 - Checking if the exhibition sasha exists
2022-09-15 17:59:31 INFO  UserService:53 - Checking if user admin exists
2022-09-15 17:59:31 INFO  ExhibitionService:57 - Getting exhibitions on page with number 1, sorted by default
2022-09-15 18:00:29 INFO  UserService:53 - Checking if user admin exists
2022-09-15 18:00:29 INFO  ExhibitionService:57 - Getting exhibitions on page with number 1, sorted by default
2022-09-15 18:02:32 INFO  UserService:53 - Checking if user admin exists
2022-09-15 18:02:32 INFO  ExhibitionService:69 - Cancelling exhibition with id 1000
2022-09-15 18:05:31 INFO  UserService:53 - Checking if user admin exists
2022-09-15 18:05:31 INFO  ExhibitionService:96 - Getting exhibitions' stats on page
2022-09-15 18:07:16 INFO  UserService:53 - Checking if user admin exists
2022-09-15 18:07:17 INFO  ExhibitionService:96 - Getting exhibitions' stats on page
2022-09-15 18:09:39 INFO  UserService:53 - Checking if user admin exists
2022-09-15 18:09:40 INFO  ExhibitionService:107 - Getting number of tickets by null for themE
2022-09-15 18:12:17 INFO  UserService:53 - Checking if user admin exists
2022-09-15 18:12:17 INFO  ExhibitionService:112 - Getting detailed stats for exhibition 1000
2022-09-15 18:12:17 INFO  UserService:48 - Getting all users
2022-09-15 18:13:04 INFO  UserService:53 - Checking if user admin exists
2022-09-15 18:13:04 INFO  ExhibitionService:112 - Getting detailed stats for exhibition 1000
2022-09-15 18:13:04 INFO  UserService:48 - Getting all users
2022-09-15 18:13:47 INFO  UserService:53 - Checking if user admin exists
2022-09-15 18:13:47 INFO  ExhibitionService:112 - Getting detailed stats for exhibition 1000
2022-09-15 18:13:47 INFO  UserService:48 - Getting all users
2022-09-15 18:14:21 INFO  UserService:53 - Checking if user admin exists
2022-09-15 18:14:22 INFO  ExhibitionService:52 - Getting exhibition with id 1000
2022-09-15 18:14:22 INFO  ExhibitionService:52 - Getting exhibition with id 1000
2022-09-15 18:14:22 INFO  ExhibitionService:57 - Getting exhibitions on page with number 1, sorted by default
2022-09-15 18:14:22 INFO  ExhibitionService:96 - Getting exhibitions' stats on page
2022-09-15 18:14:22 INFO  ExhibitionService:46 - Saving exhibition themE
2022-09-15 18:14:22 INFO  ExhibitionService:63 - Getting exhibitions on page with number 1
2022-09-15 18:14:22 INFO  ExhibitionService:112 - Getting detailed stats for exhibition 1000
2022-09-15 18:14:22 INFO  UserService:48 - Getting all users
2022-09-15 18:14:22 INFO  ExhibitionService:52 - Getting exhibition with id 1000
2022-09-15 18:14:22 INFO  ExhibitionService:52 - Getting exhibition with id 1000
2022-09-15 18:14:22 INFO  ExhibitionService:69 - Cancelling exhibition with id 1000
2022-09-15 18:14:22 INFO  ExhibitionService:134 - Getting the exhibition sas exists
2022-09-15 18:14:22 INFO  ExhibitionService:134 - Getting the exhibition sas exists
2022-09-15 18:14:22 INFO  ExhibitionService:107 - Getting number of tickets by null for themE
2022-09-15 18:14:22 INFO  ExhibitionService:40 - Saving exhibition themE
2022-09-15 18:14:22 INFO  HallService:37 - Getting hall by id 1
2022-09-15 18:14:22 INFO  HallService:37 - Getting hall by id 2
2022-09-15 18:14:22 INFO  ExhibitionService:46 - Saving exhibition themE
2022-09-15 18:14:22 INFO  ExhibitionService:134 - Getting the exhibition sas exists
2022-09-15 18:14:22 INFO  ExhibitionService:134 - Getting the exhibition sas exists
2022-09-15 18:14:22 INFO  ExhibitionService:129 - Checking if the exhibition sasha exists
2022-09-15 18:14:24 INFO  UserService:53 - Checking if user admin exists
2022-09-15 18:14:24 INFO  HallService:37 - Getting hall by id 10000
2022-09-15 18:14:24 INFO  HallService:37 - Getting hall by id 10000
2022-09-15 18:14:24 INFO  HallService:32 - Getting all halls
2022-09-15 18:14:24 INFO  HallService:27 - Saving hall com.my.exhibitions.entities.Hall@495cac83
2022-09-15 18:14:24 INFO  HallService:32 - Getting all halls
2022-09-15 18:14:24 INFO  HallService:42 - Getting halls on page at number: 1
2022-09-15 18:14:24 INFO  HallService:37 - Getting hall by id 10000
2022-09-15 18:14:24 INFO  HallService:37 - Getting hall by id 10000
2022-09-15 18:14:24 INFO  HallService:48 - Checking if hall hallN exists
2022-09-15 18:14:26 INFO  UserService:53 - Checking if user admin exists
2022-09-15 18:14:27 INFO  UserService:53 - Checking if user admin exists
2022-09-15 18:14:27 INFO  CommandLineAppStartupRunner:26 - Registering admin
2022-09-15 18:14:27 INFO  UserService:58 - Creating and saving admin
2022-09-15 18:14:27 INFO  UserService:48 - Getting all users
2022-09-15 18:14:27 INFO  UserService:35 - Saving new user com.my.exhibitions.entities.User@14feab02
2022-09-15 18:14:27 INFO  UserService:48 - Getting all users
2022-09-15 18:14:27 INFO  UserService:58 - Creating and saving admin
2022-09-15 18:14:27 INFO  UserService:43 - Getting user by username sasha
2022-09-15 18:14:27 INFO  UserService:53 - Checking if user sasha exists
2022-09-15 18:14:27 INFO  UserService:43 - Getting user by username sasha
2022-09-15 18:14:27 INFO  UserService:30 - Updating user sasha
2022-09-15 18:47:55 INFO  UserController:31 - Get -> /login
2022-09-20 19:56:48 INFO  UserService:53 - Checking if user admin exists
2022-09-21 00:20:04 INFO  UserService:53 - Checking if user admin exists
2022-09-21 00:20:04 INFO  UserService:53 - Checking if user admin exists
2022-09-21 00:20:09 INFO  UserService:53 - Checking if user admin exists
2022-09-21 00:20:09 INFO  ExhibitionService:52 - Getting exhibition with id 1000
2022-09-21 00:20:09 INFO  UserService:53 - Checking if user admin exists
2022-09-21 00:20:09 INFO  ExhibitionService:52 - Getting exhibition with id 1000
2022-09-21 00:20:09 INFO  ExhibitionService:52 - Getting exhibition with id 1000
2022-09-21 00:20:09 INFO  ExhibitionService:52 - Getting exhibition with id 1000
2022-09-21 00:20:09 INFO  ExhibitionService:57 - Getting exhibitions on page with number 1, sorted by default
2022-09-21 00:20:09 INFO  ExhibitionService:96 - Getting exhibitions' stats on page
2022-09-21 00:20:09 INFO  ExhibitionService:46 - Saving exhibition themE
2022-09-21 00:20:09 INFO  ExhibitionService:63 - Getting exhibitions on page with number 1
2022-09-21 00:20:09 INFO  ExhibitionService:112 - Getting detailed stats for exhibition 1000
2022-09-21 00:20:09 INFO  UserService:48 - Getting all users
2022-09-21 00:20:09 INFO  ExhibitionService:57 - Getting exhibitions on page with number 1, sorted by default
2022-09-21 00:20:09 INFO  ExhibitionService:96 - Getting exhibitions' stats on page
2022-09-21 00:20:09 INFO  ExhibitionService:46 - Saving exhibition themE
2022-09-21 00:20:09 INFO  ExhibitionService:63 - Getting exhibitions on page with number 1
2022-09-21 00:20:09 INFO  ExhibitionService:112 - Getting detailed stats for exhibition 1000
2022-09-21 00:20:09 INFO  UserService:48 - Getting all users
2022-09-21 00:20:09 INFO  ExhibitionService:52 - Getting exhibition with id 1000
2022-09-21 00:20:09 INFO  ExhibitionService:52 - Getting exhibition with id 1000
2022-09-21 00:20:09 INFO  ExhibitionService:69 - Cancelling exhibition with id 1000
2022-09-21 00:20:09 INFO  ExhibitionService:134 - Getting the exhibition sas exists
2022-09-21 00:20:09 INFO  ExhibitionService:134 - Getting the exhibition sas exists
2022-09-21 00:20:09 INFO  ExhibitionService:107 - Getting number of tickets by null for themE
2022-09-21 00:20:09 INFO  ExhibitionService:40 - Saving exhibition themE
2022-09-21 00:20:09 INFO  HallService:37 - Getting hall by id 1
2022-09-21 00:20:09 INFO  HallService:37 - Getting hall by id 2
2022-09-21 00:20:09 INFO  ExhibitionService:52 - Getting exhibition with id 1000
2022-09-21 00:20:09 INFO  ExhibitionService:46 - Saving exhibition themE
2022-09-21 00:20:09 INFO  ExhibitionService:52 - Getting exhibition with id 1000
2022-09-21 00:20:09 INFO  ExhibitionService:134 - Getting the exhibition sas exists
2022-09-21 00:20:09 INFO  ExhibitionService:69 - Cancelling exhibition with id 1000
2022-09-21 00:20:09 INFO  ExhibitionService:134 - Getting the exhibition sas exists
2022-09-21 00:20:09 INFO  ExhibitionService:134 - Getting the exhibition sas exists
2022-09-21 00:20:09 INFO  ExhibitionService:129 - Checking if the exhibition sasha exists
2022-09-21 00:20:09 INFO  ExhibitionService:134 - Getting the exhibition sas exists
2022-09-21 00:20:09 INFO  ExhibitionService:107 - Getting number of tickets by null for themE
2022-09-21 00:20:09 INFO  ExhibitionService:40 - Saving exhibition themE
2022-09-21 00:20:09 INFO  HallService:37 - Getting hall by id 1
2022-09-21 00:20:09 INFO  HallService:37 - Getting hall by id 2
2022-09-21 00:20:09 INFO  ExhibitionService:46 - Saving exhibition themE
2022-09-21 00:20:09 INFO  ExhibitionService:134 - Getting the exhibition sas exists
2022-09-21 00:20:09 INFO  ExhibitionService:134 - Getting the exhibition sas exists
2022-09-21 00:20:09 INFO  ExhibitionService:129 - Checking if the exhibition sasha exists
2022-09-21 00:20:12 INFO  UserService:53 - Checking if user admin exists
2022-09-21 00:20:12 INFO  HallService:37 - Getting hall by id 10000
2022-09-21 00:20:12 INFO  HallService:37 - Getting hall by id 10000
2022-09-21 00:20:12 INFO  HallService:32 - Getting all halls
2022-09-21 00:20:12 INFO  UserService:53 - Checking if user admin exists
2022-09-21 00:20:12 INFO  HallService:37 - Getting hall by id 10000
2022-09-21 00:20:12 INFO  HallService:37 - Getting hall by id 10000
2022-09-21 00:20:12 INFO  HallService:27 - Saving hall com.my.exhibitions.entities.Hall@77b7a4b2
2022-09-21 00:20:12 INFO  HallService:32 - Getting all halls
2022-09-21 00:20:12 INFO  HallService:32 - Getting all halls
2022-09-21 00:20:12 INFO  HallService:42 - Getting halls on page at number: 1
2022-09-21 00:20:12 INFO  HallService:37 - Getting hall by id 10000
2022-09-21 00:20:12 INFO  HallService:27 - Saving hall com.my.exhibitions.entities.Hall@3ca43e5d
2022-09-21 00:20:12 INFO  HallService:37 - Getting hall by id 10000
2022-09-21 00:20:12 INFO  HallService:32 - Getting all halls
2022-09-21 00:20:12 INFO  HallService:48 - Checking if hall hallN exists
2022-09-21 00:20:12 INFO  HallService:42 - Getting halls on page at number: 1
2022-09-21 00:20:12 INFO  HallService:37 - Getting hall by id 10000
2022-09-21 00:20:12 INFO  HallService:37 - Getting hall by id 10000
2022-09-21 00:20:12 INFO  HallService:48 - Checking if hall hallN exists
2022-09-21 00:20:14 INFO  UserService:53 - Checking if user admin exists
2022-09-21 00:20:14 INFO  CommandLineAppStartupRunner:26 - Registering admin
2022-09-21 00:20:14 INFO  UserService:58 - Creating and saving admin
2022-09-21 00:20:14 INFO  UserService:53 - Checking if user admin exists
2022-09-21 00:20:14 INFO  CommandLineAppStartupRunner:26 - Registering admin
2022-09-21 00:20:14 INFO  UserService:58 - Creating and saving admin
2022-09-21 00:20:14 INFO  UserService:48 - Getting all users
2022-09-21 00:20:14 INFO  UserService:35 - Saving new user com.my.exhibitions.entities.User@3b96ea23
2022-09-21 00:20:14 INFO  UserService:48 - Getting all users
2022-09-21 00:20:14 INFO  UserService:35 - Saving new user com.my.exhibitions.entities.User@3b96ea23
2022-09-21 00:20:14 INFO  UserService:48 - Getting all users
2022-09-21 00:20:14 INFO  UserService:58 - Creating and saving admin
2022-09-21 00:20:14 INFO  UserService:48 - Getting all users
2022-09-21 00:20:14 INFO  UserService:58 - Creating and saving admin
2022-09-21 00:20:14 INFO  UserService:43 - Getting user by username sasha
2022-09-21 00:20:14 INFO  UserService:43 - Getting user by username sasha
2022-09-21 00:20:14 INFO  UserService:53 - Checking if user sasha exists
2022-09-21 00:20:14 INFO  UserService:53 - Checking if user sasha exists
2022-09-21 00:20:14 INFO  UserService:43 - Getting user by username sasha
2022-09-21 00:20:14 INFO  UserService:43 - Getting user by username sasha
2022-09-21 00:20:14 INFO  UserService:30 - Updating user sasha
2022-09-21 00:20:14 INFO  UserService:30 - Updating user sasha
2022-09-21 00:23:10 INFO  UserService:53 - Checking if user admin exists
2022-09-21 00:23:13 INFO  UserService:53 - Checking if user admin exists
2022-09-21 00:23:13 INFO  ExhibitionService:52 - Getting exhibition with id 1000
2022-09-21 00:23:13 INFO  ExhibitionService:52 - Getting exhibition with id 1000
2022-09-21 00:23:13 INFO  ExhibitionService:57 - Getting exhibitions on page with number 1, sorted by default
2022-09-21 00:23:13 INFO  ExhibitionService:96 - Getting exhibitions' stats on page
2022-09-21 00:23:13 INFO  ExhibitionService:46 - Saving exhibition themE
2022-09-21 00:23:13 INFO  ExhibitionService:63 - Getting exhibitions on page with number 1
2022-09-21 00:23:13 INFO  ExhibitionService:112 - Getting detailed stats for exhibition 1000
2022-09-21 00:23:13 INFO  UserService:48 - Getting all users
2022-09-21 00:23:13 INFO  ExhibitionService:52 - Getting exhibition with id 1000
2022-09-21 00:23:13 INFO  ExhibitionService:52 - Getting exhibition with id 1000
2022-09-21 00:23:13 INFO  ExhibitionService:69 - Cancelling exhibition with id 1000
2022-09-21 00:23:13 INFO  ExhibitionService:134 - Getting the exhibition sas exists
2022-09-21 00:23:13 INFO  ExhibitionService:134 - Getting the exhibition sas exists
2022-09-21 00:23:13 INFO  ExhibitionService:107 - Getting number of tickets by null for themE
2022-09-21 00:23:13 INFO  ExhibitionService:40 - Saving exhibition themE
2022-09-21 00:23:13 INFO  HallService:37 - Getting hall by id 1
2022-09-21 00:23:14 INFO  HallService:37 - Getting hall by id 2
2022-09-21 00:23:14 INFO  ExhibitionService:46 - Saving exhibition themE
2022-09-21 00:23:14 INFO  ExhibitionService:134 - Getting the exhibition sas exists
2022-09-21 00:23:14 INFO  ExhibitionService:134 - Getting the exhibition sas exists
2022-09-21 00:23:14 INFO  ExhibitionService:129 - Checking if the exhibition sasha exists
2022-09-21 00:23:16 INFO  UserService:53 - Checking if user admin exists
2022-09-21 00:23:16 INFO  HallService:37 - Getting hall by id 10000
2022-09-21 00:23:16 INFO  HallService:37 - Getting hall by id 10000
2022-09-21 00:23:16 INFO  HallService:32 - Getting all halls
2022-09-21 00:23:16 INFO  HallService:27 - Saving hall com.my.exhibitions.entities.Hall@436867c3
2022-09-21 00:23:16 INFO  HallService:32 - Getting all halls
2022-09-21 00:23:16 INFO  HallService:42 - Getting halls on page at number: 1
2022-09-21 00:23:16 INFO  HallService:37 - Getting hall by id 10000
2022-09-21 00:23:16 INFO  HallService:37 - Getting hall by id 10000
2022-09-21 00:23:16 INFO  HallService:48 - Checking if hall hallN exists
2022-09-21 00:23:18 INFO  UserService:53 - Checking if user admin exists
2022-09-21 00:23:18 INFO  CommandLineAppStartupRunner:26 - Registering admin
2022-09-21 00:23:18 INFO  UserService:58 - Creating and saving admin
2022-09-21 00:23:18 INFO  UserService:48 - Getting all users
2022-09-21 00:23:18 INFO  UserService:35 - Saving new user com.my.exhibitions.entities.User@7631fb3e
2022-09-21 00:23:18 INFO  UserService:48 - Getting all users
2022-09-21 00:23:18 INFO  UserService:58 - Creating and saving admin
2022-09-21 00:23:18 INFO  UserService:43 - Getting user by username sasha
2022-09-21 00:23:18 INFO  UserService:53 - Checking if user sasha exists
2022-09-21 00:23:18 INFO  UserService:43 - Getting user by username sasha
2022-09-21 00:23:18 INFO  UserService:30 - Updating user sasha
2023-03-06 18:38:59 INFO  UserService:53 - Checking if user admin exists
2023-03-06 18:39:08 INFO  UserController:31 - Get -> /login
2023-03-06 18:39:08 INFO  UserController:31 - Get -> /login
2023-03-06 18:42:20 INFO  MyUserDetailsService:26 - Trying to log admin in
2023-03-06 18:42:20 INFO  UserService:43 - Getting user by username admin
2023-03-06 18:42:21 INFO  UserController:31 - Get -> /login
2023-03-06 18:42:21 INFO  UserController:31 - Get -> /login
2023-03-06 18:42:24 INFO  MyUserDetailsService:26 - Trying to log admin in
2023-03-06 18:42:24 INFO  UserService:43 - Getting user by username admin
2023-03-06 18:42:24 INFO  UserController:31 - Get -> /login
2023-03-06 18:42:24 INFO  UserController:31 - Get -> /login
2023-03-06 18:42:27 INFO  MyUserDetailsService:26 - Trying to log admin in
2023-03-06 18:42:27 INFO  UserService:43 - Getting user by username admin
2023-03-06 18:42:27 INFO  HomeController:13 - Get -> /home
2023-03-06 18:42:33 INFO  HallController:35 - Get -> /addHall
2023-03-06 18:42:33 INFO  ExhibitionController:114 - Get -> /getStats
2023-03-06 18:42:33 INFO  ExhibitionService:96 - Getting exhibitions' stats on page
2023-03-06 18:42:35 INFO  HomeController:13 - Get -> /home
2023-03-06 18:42:37 INFO  ExhibitionController:82 - Get -> /getExhibition
2023-03-06 18:42:37 INFO  ExhibitionService:63 - Getting exhibitions on page with number 0
2023-03-06 18:42:37 INFO  UserService:43 - Getting user by username admin
2023-03-06 18:42:37 INFO  ExhibitionService:107 - Getting number of tickets by admin for Exh1
2023-03-06 18:42:37 INFO  ExhibitionService:107 - Getting number of tickets by admin for Exh3
2023-03-06 18:42:37 INFO  ExhibitionService:107 - Getting number of tickets by admin for Exh5
2023-03-06 18:42:37 INFO  ExhibitionService:107 - Getting number of tickets by admin for Exh6
